{"/Users/michaelherman/Documents/repos/github/referFriend/app.js":{"path":"/Users/michaelherman/Documents/repos/github/referFriend/app.js","s":{"1":1,"2":1,"3":1,"4":1,"5":1,"6":1,"7":1,"8":1,"9":1,"10":1,"11":1,"12":1,"13":0,"14":1,"15":0,"16":0,"17":1,"18":0,"19":0,"20":0,"21":0,"22":0,"23":0,"24":0,"25":0,"26":0,"27":0,"28":0,"29":0,"30":0,"31":0,"32":0,"33":0,"34":1,"35":1,"36":1,"37":1,"38":1,"39":1,"40":1,"41":1,"42":1,"43":1,"44":1,"45":1,"46":1,"47":1,"48":0,"49":1,"50":1,"51":0,"52":1,"53":1,"54":1,"55":0,"56":0,"57":1,"58":1,"59":1,"60":1,"61":1,"62":1,"63":1,"64":2,"65":0,"66":2,"67":1,"68":1,"69":1},"b":{"1":[1,1],"2":[0,0],"3":[0,0],"4":[1,1],"5":[0,1],"6":[1,0],"7":[0,2]},"f":{"1":0,"2":0,"3":0,"4":0,"5":0,"6":0,"7":0,"8":0,"9":0,"10":0,"11":1,"12":2,"13":1},"fnMap":{"1":{"name":"(anonymous_1)","line":17,"loc":{"start":{"line":17,"column":23},"end":{"line":18,"column":0}}},"2":{"name":"(anonymous_2)","line":22,"loc":{"start":{"line":22,"column":25},"end":{"line":22,"column":43}}},"3":{"name":"(anonymous_3)","line":23,"loc":{"start":{"line":23,"column":26},"end":{"line":23,"column":45}}},"4":{"name":"(anonymous_4)","line":32,"loc":{"start":{"line":32,"column":2},"end":{"line":32,"column":38}}},"5":{"name":"(anonymous_5)","line":34,"loc":{"start":{"line":34,"column":19},"end":{"line":34,"column":30}}},"6":{"name":"(anonymous_6)","line":36,"loc":{"start":{"line":36,"column":14},"end":{"line":36,"column":36}}},"7":{"name":"(anonymous_7)","line":47,"loc":{"start":{"line":47,"column":18},"end":{"line":47,"column":31}}},"8":{"name":"(anonymous_8)","line":83,"loc":{"start":{"line":83,"column":2},"end":{"line":83,"column":20}}},"9":{"name":"(anonymous_9)","line":87,"loc":{"start":{"line":87,"column":2},"end":{"line":87,"column":21}}},"10":{"name":"(anonymous_10)","line":94,"loc":{"start":{"line":94,"column":19},"end":{"line":94,"column":37}}},"11":{"name":"(anonymous_11)","line":99,"loc":{"start":{"line":99,"column":8},"end":{"line":99,"column":32}}},"12":{"name":"ensureAuthenticated","line":108,"loc":{"start":{"line":108,"column":0},"end":{"line":108,"column":45}}},"13":{"name":"(anonymous_13)","line":114,"loc":{"start":{"line":114,"column":47},"end":{"line":114,"column":57}}}},"statementMap":{"1":{"start":{"line":2,"column":0},"end":{"line":2,"column":33}},"2":{"start":{"line":3,"column":0},"end":{"line":3,"column":33}},"3":{"start":{"line":4,"column":0},"end":{"line":4,"column":27}},"4":{"start":{"line":5,"column":0},"end":{"line":5,"column":27}},"5":{"start":{"line":6,"column":0},"end":{"line":6,"column":20}},"6":{"start":{"line":7,"column":0},"end":{"line":7,"column":35}},"7":{"start":{"line":8,"column":0},"end":{"line":8,"column":33}},"8":{"start":{"line":9,"column":0},"end":{"line":9,"column":40}},"9":{"start":{"line":10,"column":0},"end":{"line":10,"column":35}},"10":{"start":{"line":11,"column":0},"end":{"line":11,"column":57}},"11":{"start":{"line":14,"column":0},"end":{"line":14,"column":62}},"12":{"start":{"line":17,"column":0},"end":{"line":20,"column":3}},"13":{"start":{"line":19,"column":1},"end":{"line":19,"column":21}},"14":{"start":{"line":22,"column":0},"end":{"line":26,"column":3}},"15":{"start":{"line":23,"column":1},"end":{"line":25,"column":4}},"16":{"start":{"line":24,"column":2},"end":{"line":24,"column":17}},"17":{"start":{"line":28,"column":0},"end":{"line":58,"column":3}},"18":{"start":{"line":33,"column":4},"end":{"line":34,"column":2}},"19":{"start":{"line":34,"column":2},"end":{"line":56,"column":5}},"20":{"start":{"line":35,"column":3},"end":{"line":35,"column":64}},"21":{"start":{"line":36,"column":3},"end":{"line":55,"column":6}},"22":{"start":{"line":38,"column":4},"end":{"line":54,"column":5}},"23":{"start":{"line":40,"column":5},"end":{"line":40,"column":78}},"24":{"start":{"line":41,"column":5},"end":{"line":41,"column":25}},"25":{"start":{"line":43,"column":5},"end":{"line":43,"column":30}},"26":{"start":{"line":44,"column":5},"end":{"line":44,"column":40}},"27":{"start":{"line":45,"column":5},"end":{"line":45,"column":45}},"28":{"start":{"line":46,"column":5},"end":{"line":46,"column":26}},"29":{"start":{"line":47,"column":5},"end":{"line":53,"column":8}},"30":{"start":{"line":48,"column":6},"end":{"line":50,"column":7}},"31":{"start":{"line":49,"column":7},"end":{"line":49,"column":17}},"32":{"start":{"line":51,"column":6},"end":{"line":51,"column":65}},"33":{"start":{"line":52,"column":6},"end":{"line":52,"column":26}},"34":{"start":{"line":61,"column":0},"end":{"line":61,"column":42}},"35":{"start":{"line":62,"column":0},"end":{"line":62,"column":39}},"36":{"start":{"line":63,"column":0},"end":{"line":63,"column":31}},"37":{"start":{"line":64,"column":0},"end":{"line":64,"column":27}},"38":{"start":{"line":65,"column":0},"end":{"line":65,"column":31}},"39":{"start":{"line":66,"column":0},"end":{"line":66,"column":32}},"40":{"start":{"line":67,"column":0},"end":{"line":67,"column":30}},"41":{"start":{"line":68,"column":0},"end":{"line":68,"column":55}},"42":{"start":{"line":69,"column":0},"end":{"line":69,"column":31}},"43":{"start":{"line":70,"column":0},"end":{"line":70,"column":28}},"44":{"start":{"line":71,"column":0},"end":{"line":71,"column":34}},"45":{"start":{"line":72,"column":0},"end":{"line":72,"column":20}},"46":{"start":{"line":73,"column":0},"end":{"line":73,"column":47}},"47":{"start":{"line":76,"column":0},"end":{"line":78,"column":1}},"48":{"start":{"line":77,"column":2},"end":{"line":77,"column":34}},"49":{"start":{"line":81,"column":0},"end":{"line":84,"column":3}},"50":{"start":{"line":85,"column":0},"end":{"line":89,"column":3}},"51":{"start":{"line":88,"column":4},"end":{"line":88,"column":29}},"52":{"start":{"line":92,"column":0},"end":{"line":92,"column":27}},"53":{"start":{"line":93,"column":0},"end":{"line":93,"column":57}},"54":{"start":{"line":94,"column":0},"end":{"line":97,"column":3}},"55":{"start":{"line":95,"column":1},"end":{"line":95,"column":14}},"56":{"start":{"line":96,"column":1},"end":{"line":96,"column":19}},"57":{"start":{"line":98,"column":0},"end":{"line":98,"column":62}},"58":{"start":{"line":99,"column":0},"end":{"line":105,"column":3}},"59":{"start":{"line":100,"column":2},"end":{"line":100,"column":18}},"60":{"start":{"line":101,"column":2},"end":{"line":104,"column":3}},"61":{"start":{"line":102,"column":4},"end":{"line":102,"column":40}},"62":{"start":{"line":103,"column":4},"end":{"line":103,"column":11}},"63":{"start":{"line":108,"column":0},"end":{"line":111,"column":1}},"64":{"start":{"line":109,"column":2},"end":{"line":109,"column":47}},"65":{"start":{"line":109,"column":31},"end":{"line":109,"column":45}},"66":{"start":{"line":110,"column":2},"end":{"line":110,"column":20}},"67":{"start":{"line":114,"column":0},"end":{"line":116,"column":3}},"68":{"start":{"line":115,"column":2},"end":{"line":115,"column":56}},"69":{"start":{"line":118,"column":0},"end":{"line":118,"column":21}}},"branchMap":{"1":{"line":14,"type":"binary-expr","locations":[{"start":{"line":14,"column":17},"end":{"line":14,"column":41}},{"start":{"line":14,"column":45},"end":{"line":14,"column":60}}]},"2":{"line":38,"type":"if","locations":[{"start":{"line":38,"column":4},"end":{"line":38,"column":4}},{"start":{"line":38,"column":4},"end":{"line":38,"column":4}}]},"3":{"line":48,"type":"if","locations":[{"start":{"line":48,"column":6},"end":{"line":48,"column":6}},{"start":{"line":48,"column":6},"end":{"line":48,"column":6}}]},"4":{"line":61,"type":"binary-expr","locations":[{"start":{"line":61,"column":16},"end":{"line":61,"column":32}},{"start":{"line":61,"column":36},"end":{"line":61,"column":40}}]},"5":{"line":76,"type":"if","locations":[{"start":{"line":76,"column":0},"end":{"line":76,"column":0}},{"start":{"line":76,"column":0},"end":{"line":76,"column":0}}]},"6":{"line":101,"type":"if","locations":[{"start":{"line":101,"column":2},"end":{"line":101,"column":2}},{"start":{"line":101,"column":2},"end":{"line":101,"column":2}}]},"7":{"line":109,"type":"if","locations":[{"start":{"line":109,"column":2},"end":{"line":109,"column":2}},{"start":{"line":109,"column":2},"end":{"line":109,"column":2}}]}}},"/Users/michaelherman/Documents/repos/github/referFriend/routes/index.js":{"path":"/Users/michaelherman/Documents/repos/github/referFriend/routes/index.js","s":{"1":1,"2":1,"3":1,"4":1,"5":1,"6":0,"7":1,"8":0,"9":0,"10":0,"11":0,"12":0,"13":0,"14":0,"15":0,"16":0,"17":0,"18":0,"19":0,"20":0,"21":0,"22":0},"b":{"1":[0,0],"2":[0,0]},"f":{"1":1,"2":0,"3":0,"4":0,"5":0},"fnMap":{"1":{"name":"(anonymous_1)","line":4,"loc":{"start":{"line":4,"column":16},"end":{"line":4,"column":34}}},"2":{"name":"(anonymous_2)","line":8,"loc":{"start":{"line":8,"column":18},"end":{"line":8,"column":36}}},"3":{"name":"(anonymous_3)","line":12,"loc":{"start":{"line":12,"column":22},"end":{"line":12,"column":41}}},"4":{"name":"(anonymous_4)","line":20,"loc":{"start":{"line":20,"column":16},"end":{"line":20,"column":29}}},"5":{"name":"(anonymous_5)","line":26,"loc":{"start":{"line":26,"column":44},"end":{"line":26,"column":63}}}},"statementMap":{"1":{"start":{"line":1,"column":0},"end":{"line":1,"column":42}},"2":{"start":{"line":2,"column":0},"end":{"line":2,"column":42}},"3":{"start":{"line":4,"column":0},"end":{"line":6,"column":2}},"4":{"start":{"line":5,"column":2},"end":{"line":5,"column":50}},"5":{"start":{"line":8,"column":0},"end":{"line":10,"column":2}},"6":{"start":{"line":9,"column":2},"end":{"line":9,"column":102}},"7":{"start":{"line":12,"column":0},"end":{"line":32,"column":2}},"8":{"start":{"line":13,"column":2},"end":{"line":13,"column":22}},"9":{"start":{"line":14,"column":2},"end":{"line":14,"column":29}},"10":{"start":{"line":15,"column":2},"end":{"line":16,"column":2}},"11":{"start":{"line":16,"column":2},"end":{"line":17,"column":2}},"12":{"start":{"line":17,"column":2},"end":{"line":17,"column":36}},"13":{"start":{"line":18,"column":2},"end":{"line":18,"column":44}},"14":{"start":{"line":20,"column":2},"end":{"line":31,"column":5}},"15":{"start":{"line":21,"column":4},"end":{"line":30,"column":5}},"16":{"start":{"line":22,"column":6},"end":{"line":22,"column":16}},"17":{"start":{"line":23,"column":6},"end":{"line":24,"column":4}},"18":{"start":{"line":25,"column":6},"end":{"line":25,"column":69}},"19":{"start":{"line":26,"column":6},"end":{"line":29,"column":9}},"20":{"start":{"line":27,"column":8},"end":{"line":27,"column":43}},"21":{"start":{"line":27,"column":17},"end":{"line":27,"column":43}},"22":{"start":{"line":28,"column":8},"end":{"line":29,"column":6}}},"branchMap":{"1":{"line":21,"type":"if","locations":[{"start":{"line":21,"column":4},"end":{"line":21,"column":4}},{"start":{"line":21,"column":4},"end":{"line":21,"column":4}}]},"2":{"line":27,"type":"if","locations":[{"start":{"line":27,"column":8},"end":{"line":27,"column":8}},{"start":{"line":27,"column":8},"end":{"line":27,"column":8}}]}}},"/Users/michaelherman/Documents/repos/github/referFriend/models/refer.js":{"path":"/Users/michaelherman/Documents/repos/github/referFriend/models/refer.js","s":{"1":1,"2":1,"3":1,"4":1,"5":1},"b":{},"f":{},"fnMap":{},"statementMap":{"1":{"start":{"line":1,"column":0},"end":{"line":1,"column":35}},"2":{"start":{"line":2,"column":0},"end":{"line":2,"column":34}},"3":{"start":{"line":4,"column":0},"end":{"line":4,"column":20}},"4":{"start":{"line":6,"column":0},"end":{"line":11,"column":3}},"5":{"start":{"line":13,"column":0},"end":{"line":13,"column":54}}},"branchMap":{}},"/Users/michaelherman/Documents/repos/github/referFriend/config.js":{"path":"/Users/michaelherman/Documents/repos/github/referFriend/config.js","s":{"1":1},"b":{"1":[1,1]},"f":{},"fnMap":{},"statementMap":{"1":{"start":{"line":2,"column":0},"end":{"line":8,"column":2}}},"branchMap":{"1":{"line":7,"type":"binary-expr","locations":[{"start":{"line":7,"column":12},"end":{"line":7,"column":36}},{"start":{"line":7,"column":40},"end":{"line":7,"column":73}}]}}},"/Users/michaelherman/Documents/repos/github/referFriend/models/users.js":{"path":"/Users/michaelherman/Documents/repos/github/referFriend/models/users.js","s":{"1":1,"2":1,"3":1,"4":1,"5":1},"b":{},"f":{},"fnMap":{},"statementMap":{"1":{"start":{"line":1,"column":0},"end":{"line":1,"column":35}},"2":{"start":{"line":2,"column":0},"end":{"line":2,"column":34}},"3":{"start":{"line":4,"column":0},"end":{"line":4,"column":20}},"4":{"start":{"line":6,"column":0},"end":{"line":9,"column":3}},"5":{"start":{"line":11,"column":0},"end":{"line":11,"column":52}}},"branchMap":{}}}