TN:
SF:/Users/michaelherman/Documents/repos/github/referFriend/app.js
FN:17,(anonymous_1)
FN:22,(anonymous_2)
FN:23,(anonymous_3)
FN:32,(anonymous_4)
FN:34,(anonymous_5)
FN:36,(anonymous_6)
FN:47,(anonymous_7)
FN:83,(anonymous_8)
FN:87,(anonymous_9)
FN:94,(anonymous_10)
FN:99,(anonymous_11)
FN:108,ensureAuthenticated
FN:114,(anonymous_13)
FNF:13
FNH:2
FNDA:0,(anonymous_1)
FNDA:0,(anonymous_2)
FNDA:0,(anonymous_3)
FNDA:0,(anonymous_4)
FNDA:0,(anonymous_5)
FNDA:0,(anonymous_6)
FNDA:0,(anonymous_7)
FNDA:0,(anonymous_8)
FNDA:0,(anonymous_9)
FNDA:0,(anonymous_10)
FNDA:1,(anonymous_11)
FNDA:0,ensureAuthenticated
FNDA:1,(anonymous_13)
DA:2,1
DA:3,1
DA:4,1
DA:5,1
DA:6,1
DA:7,1
DA:8,1
DA:9,1
DA:10,1
DA:11,1
DA:14,1
DA:17,1
DA:19,0
DA:22,1
DA:23,0
DA:24,0
DA:28,1
DA:33,0
DA:34,0
DA:35,0
DA:36,0
DA:38,0
DA:40,0
DA:41,0
DA:43,0
DA:44,0
DA:45,0
DA:46,0
DA:47,0
DA:48,0
DA:49,0
DA:51,0
DA:52,0
DA:61,1
DA:62,1
DA:63,1
DA:64,1
DA:65,1
DA:66,1
DA:67,1
DA:68,1
DA:69,1
DA:70,1
DA:71,1
DA:72,1
DA:73,1
DA:76,1
DA:77,0
DA:81,1
DA:85,1
DA:88,0
DA:92,1
DA:93,1
DA:94,1
DA:95,0
DA:96,0
DA:98,1
DA:99,1
DA:100,1
DA:101,1
DA:102,1
DA:103,1
DA:108,1
DA:109,0
DA:110,0
DA:114,1
DA:115,1
DA:118,1
LF:68
LH:43
BRDA:14,1,0,1
BRDA:14,1,1,1
BRDA:38,2,0,0
BRDA:38,2,1,0
BRDA:48,3,0,0
BRDA:48,3,1,0
BRDA:61,4,0,1
BRDA:61,4,1,1
BRDA:76,5,0,0
BRDA:76,5,1,1
BRDA:101,6,0,1
BRDA:101,6,1,0
BRDA:109,7,0,0
BRDA:109,7,1,0
BRF:14
BRH:6
end_of_record
TN:
SF:/Users/michaelherman/Documents/repos/github/referFriend/routes/index.js
FN:4,(anonymous_1)
FN:8,(anonymous_2)
FN:12,(anonymous_3)
FN:20,(anonymous_4)
FN:26,(anonymous_5)
FN:34,(anonymous_6)
FNF:6
FNH:0
FNDA:0,(anonymous_1)
FNDA:0,(anonymous_2)
FNDA:0,(anonymous_3)
FNDA:0,(anonymous_4)
FNDA:0,(anonymous_5)
FNDA:0,(anonymous_6)
DA:1,1
DA:2,1
DA:4,1
DA:5,0
DA:8,1
DA:9,0
DA:12,1
DA:13,0
DA:14,0
DA:15,0
DA:16,0
DA:17,0
DA:18,0
DA:20,0
DA:21,0
DA:22,0
DA:23,0
DA:25,0
DA:26,0
DA:27,0
DA:28,0
DA:34,1
DA:35,0
LF:23
LH:6
BRDA:21,1,0,0
BRDA:21,1,1,0
BRDA:27,2,0,0
BRDA:27,2,1,0
BRF:4
BRH:0
end_of_record
TN:
SF:/Users/michaelherman/Documents/repos/github/referFriend/models/refer.js
FNF:0
FNH:0
DA:1,1
DA:2,1
DA:4,1
DA:6,1
DA:13,1
LF:5
LH:5
BRF:0
BRH:0
end_of_record
TN:
SF:/Users/michaelherman/Documents/repos/github/referFriend/config.js
FNF:0
FNH:0
DA:2,1
LF:1
LH:1
BRDA:7,1,0,1
BRDA:7,1,1,1
BRF:2
BRH:2
end_of_record
TN:
SF:/Users/michaelherman/Documents/repos/github/referFriend/models/users.js
FNF:0
FNH:0
DA:1,1
DA:2,1
DA:4,1
DA:6,1
DA:11,1
LF:5
LH:5
BRF:0
BRH:0
end_of_record
